DEBUG:root:Vents Opened at (19:54:38)
DEBUG:root:Reading at (19:54:39)
DEBUG:root:Reading at (19:54:39)
DEBUG:root:Saftey Toggled at (19:54:39)
DEBUG:root:Saftey Toggled at (19:54:39)
DEBUG:root:Main Closed at (19:54:39)
DEBUG:root:Main Closed at (19:54:39)
DEBUG:root:Igniting at (19:54:40)
DEBUG:root:Igniting at (19:54:41)
DEBUG:root:Igniting at (19:54:41)
DEBUG:root:Aborting at (19:54:41)
DEBUG:root:Aborting at (19:54:41)
DEBUG:root:Aborting at (19:54:41)
DEBUG:root:Launching at Tue Apr 25 19:56:30 2017
DEBUG:root:Launching at Tue Apr 25 19:56:30 2017
DEBUG:root:Launching at Tue Apr 25 19:56:30 2017
DEBUG:root:Launching at Tue Apr 25 19:56:30 2017
DEBUG:root:Launching at Tue Apr 25 19:56:30 2017
DEBUG:root:Launching at Tue Apr 25 19:56:31 2017
DEBUG:root:Igniting at (19:56:31)
DEBUG:root:Igniting at (19:56:31)
DEBUG:root:Aborting at (19:56:31)
DEBUG:root:Application Exited at Tue Apr 25 19:57:06 2017
