DEBUG:root:Vents Closed at (00:24:51)
DEBUG:root:Vents Closed at (00:24:52)
DEBUG:root:Vents Closed at (00:24:52)
DEBUG:root:Vents Closed at (00:24:52)
DEBUG:root:Vents Closed at (00:24:53)
DEBUG:root:Vents Closed at (00:24:53)
DEBUG:root:Vents Closed at (00:24:53)
DEBUG:root:Vents Closed at (00:24:53)
DEBUG:root:Vents Closed at (00:24:53)
DEBUG:root:Vents Closed at (00:24:53)
DEBUG:root:Vents Closed at (00:24:54)
DEBUG:root:Vents Closed at (00:24:54)
DEBUG:root:Vents Closed at (00:24:54)
DEBUG:root:Vents Closed at (00:24:54)
DEBUG:root:Vents Closed at (00:24:54)
DEBUG:root:Vents Closed at (00:24:54)
DEBUG:root:Vents Closed at (00:24:55)
DEBUG:root:Main Closed at (00:24:55)
DEBUG:root:Main Closed at (00:24:55)
DEBUG:root:Main Closed at (00:24:55)
DEBUG:root:Main Closed at (00:24:56)
DEBUG:root:Vents Opened at (00:24:56)
DEBUG:root:Main Closed at (00:24:57)
DEBUG:root:Main Closed at (00:24:57)
DEBUG:root:Saftey Toggled at (00:24:57)
DEBUG:root:Reading at (00:24:57)
DEBUG:root:Saftey Toggled at (00:24:58)
DEBUG:root:Saftey Toggled at (00:24:58)
DEBUG:root:Main Closed at (00:24:58)
DEBUG:root:Vents Closed at (00:24:59)
DEBUG:root:Vents Closed at (00:24:59)
DEBUG:root:Vents Closed at (00:24:59)
DEBUG:root:Reading at (00:24:59)
DEBUG:root:Reading at (00:25:00)
DEBUG:root:Reading at (00:25:00)
DEBUG:root:Reading at (00:25:00)
DEBUG:root:Reading at (00:25:00)
DEBUG:root:Reading at (00:25:00)
DEBUG:root:Reading at (00:25:00)
DEBUG:root:Reading at (00:25:01)
DEBUG:root:Reading at (00:25:01)
DEBUG:root:Reading at (00:25:02)
DEBUG:root:Reading at (00:25:02)
DEBUG:root:Reading at (00:25:02)
DEBUG:root:Reading at (00:25:02)
DEBUG:root:Reading at (00:25:03)
DEBUG:root:Reading at (00:25:03)
DEBUG:root:Reading at (00:25:03)
DEBUG:root:Vents Closed at (00:25:03)
DEBUG:root:Vents Opened at (00:25:04)
DEBUG:root:Vents Opened at (00:25:04)
DEBUG:root:Vents Opened at (00:25:04)
DEBUG:root:Vents Opened at (00:25:04)
DEBUG:root:Connecting... at (00:25:05)
DEBUG:root:Connecting... at (00:25:05)
DEBUG:root:Connecting... at (00:25:05)
DEBUG:root:Connecting... at (00:25:06)
DEBUG:root:Connecting... at (00:25:06)
DEBUG:root:Connecting... at (00:25:06)
DEBUG:root:Vents Opened at (00:25:06)
DEBUG:root:Vents Closed at (00:25:07)
DEBUG:root:Vents Opened at (00:25:07)
DEBUG:root:Connecting... at (00:25:07)
DEBUG:root:Launching at Tue Apr 25 00:25:22 2017
DEBUG:root:Igniting at (00:25:23)
DEBUG:root:Aborting at (00:25:24)
DEBUG:root:Igniting at (00:25:24)
DEBUG:root:Launching at Tue Apr 25 00:25:24 2017
DEBUG:root:Igniting at (00:25:24)
DEBUG:root:Aborting at (00:25:25)
DEBUG:root:Igniting at (00:25:25)
DEBUG:root:Launching at Tue Apr 25 00:25:26 2017
DEBUG:root:Aborting at (00:25:26)
DEBUG:root:Aborting at (00:25:26)
